408
414
406
411
406
411
421
419
409
407
408
405
407
407
400
407
408
404
414
415
408
406
405
406
423
416
406
404
403
439
409
427
407
412
409
411
405
405
402
414
407
443
408
404
405
411
409
406
403
407
407
406
422
405
428
410
422
403
409
405
436
405
406
408
415
406
411
412
436
405
403
406
413
404
415
418
407
406
419
412
411
410
443
962
1639
2294
3040
3693
4325
4879
5372
5762
5996
6045
6055
6086
6042
6054
6030
6041
6042
6081
6040
6033
6041
6040
6037
6040
6043
6025
6035
6033
6036
6047
6030
6038
6036
6046
6050
6037
6036
6041
6026
6028
6050
6110
6434
6966
7620
8243
9057
9991
10955
12125
13338
14570
15802
17011
18198
19346
20180
20649
20753
20758
20756
20758
20756
20755
20762
20753
20758
20828
21034
21387
21820
22230
22616
22900
23077
23218
23370
23515
23789
23987
24086
24220
24353
24512
24743
24880
24939
25110
25323
25550
25771
25965
26143
26399
26635
26871
27153
27406
27616
27824
28042
28264
28490
28735
28933
29067
29223
29431
29655
29942
30213
30421
30724
31044
31331
31571
31869
32149
32464
32748
32987
33199
33427
33697
33980
34286
34550
34821
35097
35329
35585
35789
35959
36246
36536
36786
37035
37277
37583
37802
38018
38191
38382
38520
38627
38836
39062
39237
39463
39640
39878
40147
40371
40605
40828
40981
41100
41203
41376
41530
41672
41810
41925
42071
42211
42373
42525
42755
42936
43115
43303
43443
43597
43726
43833
44033
44144
44263
44392
44567
44705
44902
45057
45328
45541
45706
45921
46135
46289
46503
46719
46928
47212
47496
47757
48050
48320
48672
49015
49365
49674
50011
50453
50723
51043
51346
51623
51935
52210
52529
52786
53032
53242
53522
53824
54102
54386
54595
54826
54969
55095
55260
55403
55539
55692
55907
56042
56212
56397
56528
56615
56713
56820
56874
56899
56902
56922
56918
56920
56920
56913
56921
56922
56922
56918
56921
56931
56920
56925
56916
56919
56921
56920
56916
56918
56923
56929
56917
56905
56912
56923
56923
56914
56920
56919
56919
56915
56923
56915
56916
56917
56920
56921
56916
56919
56915
56909
56914
56914
56924
56910
56907
56912
56917
56929
56917
56912
56918
56913
56926
56923
56912
56913
56913
56916
56915
56908
56915
56917
56915
56916
56916
56916
56908
56911
56913
56908
56914
56908
56912
56920
56916
56916
56913
56915
56905
56910
56904
56908
56912
56915
56911
56912
56910
56913
56915
56911
56907
56905
56905
56909
56914
56912
56910
56906
56911
56909
56905
56913
56919
56911
56909
56907
56906
56911
56912
56908
56903
56908
56918
56910
56913
56906
56910
56911
56903
56914
56910
56908
56907
56908
56908
56914
56911
56913
56909
56900
56913
56916
56909
56902
56905
56905
56905
56911
56913
56906
56910
56900
56908
56907
56915
56906
56906
56914
56904
56908
56904
56908
56906
56907
56915
56909
56912
56903
56908
56915
56902
56912
56907
56918
56908
56907
56908
56910
56911
56909
56912
56906
56899
56904
56905
56907
56905
56900
56901
56906
56919
56905
56910
56905
56906
56889
56905
56905
56903
56901
56911
56889
56906
56905
56902
56902
56905
56897
56906
56903
56907
56907
56899
56908
56896
56901
56906
56906
56906
56903
56914
56907
56909
56901
56903
56901
56904
56902
56898
56904
56900
56901
56905
56903
56900
56905
56898
56904
56899
56901
56903
56900
56901
56898
56900
56906
56907
56900
56899
56908
56903
56900
56899
56901
56902
56901
