58
399
401
407
400
404
407
419
418
418
404
406
405
402
412
409
404
401
420
408
406
403
403
404
415
399
397
403
402
405
410
419
400
405
419
400
401
414
401
402
405
415
429
406
418
438
401
412
400
402
410
408
429
403
406
404
411
814
2062
3290
4506
5615
6683
7537
8242
8960
9740
10393
11050
11778
12509
13198
13930
14560
15186
15850
16565
17201
17987
18784
19615
20357
21009
21772
22528
23306
24095
24698
25160
25716
26176
26631
26983
27052
27046
27044
27028
27029
27033
27036
27041
27041
27039
27032
27040
27060
27139
27571
28007
28438
28834
29171
29482
29737
30017
30237
30411
30658
30882
31022
31166
31288
31416
31557
31768
31907
32075
32236
32394
32549
32735
32881
33073
33222
33355
33485
33573
33682
33799
33865
33906
33989
34079
34114
34154
34144
34147
34151
34176
34150
34151
34149
34151
34151
34144
34153
34152
34145
34158
34139
34147
34144
34141
34173
34149
34150
34145
34153
34142
34146
34143
34143
34142
34162
34150
34160
34162
34142
34144
34136
34137
34141
34142
34147
34141
34142
34140
34146
34136
34162
34143
34129
34135
34137
34140
34141
34133
34141
34147
34146
34151
34143
34140
34139
34146
34133
34146
34141
34143
34134
34139
34147
34146
34145
34140
34145
34139
34151
34134
34141
34134
34159
34135
34167
34141
34160
34141
34162
34136
34138
34140
34138
34128
34136
34130
34127
34137
34134
34132
34128
34134
34131
34143
34141
34135
34125
34124
34135
34146
34127
34130
34160
34126
34150
34130
34126
34154
34148
34141
34140
34124
34135
34150
34125
34131
34125
34137
34132
34133
34124
34135
34146
34137
34124
34131
34123
34129
34124
34126
34126
34140
34128
34143
34127
34133
34139
34129
34132
34133
34127
34127
34143
34130
34131
34124
34127
34126
34131
34124
34127
34124
34123
34127
34125
34131
34125
34129
34124
34151
34128
34128
34123
34125
34127
34128
34120
34122
34123
34125
34130
34124
34122
34126
34132
34125
34124
34121
34120
34128
34122
34142
34119
34123
34122
34117
34122
34123
34118
34120
34120
34120
34120
34115
34125
34121
34119
34122
34119
34121
34125
34122
34113
34121
34149
34161
34127
34119
34139
34123
34130
34117
34114
34115
34112
34115
34119
34115
34117
34103
34116
34116
34127
34113
34144
34116
34123
34116
34111
34113
34119
34121
34139
34116
34121
34118
34126
34116
34115
34121
34111
34118
34121
34140
34117
34113
34114
34118
34109
34115
34106
34115
34107
34120
34107
34116
34133
34109
34113
34107
34110
34116
34110
34123
34130
34114
34108
34108
34106
34108
34108
34113
34114
34109
34111
34113
34106
34107
34110
34111
34106
34130
34131
34106
34107
34118
34104
34106
34106
34112
34112
34110
34124
34117
34110
34109
34108
34112
34128
34131
34108
34098
34109
34109
34106
34101
34126
34115
34097
34137
34109
34110
34109
34104
34101
34100
34100
34108
34105
34106
34100
34121
34107
34103
34104
34101
34100
34106
34105
34124
34102
34104
34110
34108
34132
34128
34103
34110
34101
34107
34131
34112
34110
34099
34106
34105
34101
34100
34123
34108
34101
34103
34131
34123
34100
34114
34113
34104
34106
34099
34106
34107
34102
34117
34104
34097
34109
34147
34100
34099
34105
34099
34105
34092
34094
34099
34110
34103
34098
34110
34104
34102
34097
34109
34102
34097
34089
34101
34100
34101
34102
34099
34100
34102
34102
34104
34103
34098
34101
34093
34090
34098
34128
34105
34102
34100
34095
34091
34096
34108
34121
34106
34124
34101
34104
34093
34104
34103
34108
34111
34133
34167
34256
34340
34429
34471
34601
34766
35050
35324
35653
35885
36205
36490
36906
37306
37764
38229
38711
39230
39821
40485
41144
41884
42722
43626
44426
45228
45915
46520
47073
47708
48312
48821
49234
49553
49898
50354
50683
51052
51400
51763
52177
52598
52954
53330
53720
54108
54604
55025
55453
55855
56261
56594
56809
56906
57063
57135
57133
57140
57138
57139
57143
57142
57137
57133
57128
57132
57135
57124
57132
57136
57138
57141
57131
57136
57129
57136
57135
57134
57130
57134
57133
57131
57120
57132
57117
57118
57128
57128
57131
57128
57144
57132
57126
57127
57118
57134
57136
57132
57124
57121
57118
57132
57124
57119
57123
57129
57124
57120
57126
57126
57120
57116
57126
57121
57122
57121
57129
57135
57116
57121
57117
57122
57122
57118
57116
57116
57108
57116
57119
57113
57111
57125
57118
57120
57119
57117
57099
57126
57116
57115
57114
57123
57122
57117
57114
57116
57117
57116
57115
57118
57122
57114
57112
57119
57104
57106
57112
57115
57104
57116
57113
57118
57121
57112
57116
57113
57119
57113
57116
57119
57114
57113
57111
57110
57102
57105
57102
57112
57116
57112
57113
57110
57111
57111
57112
57113
57107
57110
57108
57114
57119
57105
57112
57112
57105
57105
57104
57109
57112
57109
57109
57100
57112
57102
57107
57110
57107
57108
57118
57114
57105
57102
57104
57106
57103
57121
57112
57113
57101
57108
57104
57104
57108
57107
57111
57108
57115
57108
57104
57112
57107
57102
57107
57108
57103
57104
57110
57098
57109
57099
57106
57107
57111
57105
57106
57103
57101
57106
57106
57101
57102
57108
57103
57106
57104
57107
57105
57099
57103
57103
57105
57099
57110
57105
57107
57103
57106
57101
57103
57100
57100
57104
57095
57099
57100
57099
57097
57101
57103
57109
57103
57101
57099
57108
57102
57101
57096
57106
57101
57111
57094
57101
57102
57107
57095
57094
57101
57104
57095
57098
57105
57096
57100
57101
57095
57098
57098
57098
57102
57095
57099
57082
57098
57104
57095
57096
57093
57098
57085
57094
57100
57101
57099
57094
57095
57100
57100
57084
57095
57090
57094
57102
57086
57087
57099
57096
57087
57093
57089
57090
57091
57094
57093
57083
57093
57084
57086
57091
57083
57094
57093
57084
57091
57085
57087
57088
57088
57085
57090
57078
57086
57085
57083
57080
57084
57081
57078
57082
57081
57087
57093
57082
57084
57085
57080
57074
57083
57071
57066
57092
57077
57076
57067
57095
57085
57096
57080
57083
57076
57080
57088
57087
57085
57086
57077
57077
57066
57077
57080
57076
57074
57071
57074
57086
57086
57072
57060
57078
57086
57068
57074
57074
57069
57080
57080
57071
57064
57077
57067
57076
57076
57074
57070
57077
57071
57077
57066
57064
57066
57071
57068
57045
57071
57068
57078
57064
57069
57073
57071
57081
57065
57067
57065
57071
57066
57067
57068
57069
57064
57068
57063
57068
57070
57077
57065
57064
57065
57075
57071
57065
57065
57063
57064
57067
57085
57063
57067
57066
57057
57071
57067
57070
57062
57065
57066
57070
57063
57069
57066
57069
57060
57067
57071
57058
57072
57065
57059
57069
57064
57079
57062
57069
57079
57065
57070
57073
57070
57067
57065
57069
57068
57061
57064
57075
57066
57065
57067
57061
57063
57065
57063
57067
57064
57065
57062
57067
57064
57073
57065
57064
57068
57062
57068
57064
57063
57072
57069
57063
57056
57063
57069
57071
57069
57062
57067
57059
57073
57062
57065
57057
57061
57065
57070
57063
57073
57061
57065
57059
57069
57060
57065
57058
57062
57063
57063
57061
57066
57059
57054
57069
57064
57064
57060
57070
57073
57070
57073
57066
57062
57061
57062
57063
57062
57063
57062
57049
57067
57062
57064
57062
57066
57057
57074
57064
57056
57059
57055
57067
57060
57049
57061
57070
57059
57071
57059
57064
57068
57058
57063
57048
57071
57065
57059
57059
57067
57065
57055
57057
57066
57060
57064
57076
57061
57063
57042
57059
57051
57062
57056
57058
57053
57057
57070
57061
57060
57059
57058
57051
57056
57057
57061
57059
57057
57060
57059
57055
57063
57054
57040
57060
57063
57059
57052
57063
57058
57060
57055
57065
57058
57061
57067
57056
57058
57057
57054
57060
57055
57051
57057
57055
57056
57044
57063
57058
57056
57058
57062
57045
57058
57054
57061
57063
57056
57049
57054
57047
57060
57057
57065
57061
57050
57052
57056
57062
57048
57051
57057
57055
57053
57059
57054
57056
57054
57056
57051
57049
57057
57056
57052
57052
57046
57059
57053
57051
57055
57059
57052
57050
57060
57056
57053
57054
57034
57055
57052
57051
57055
57055
57058
57049
57053
57052
57062
57054
57060
57049
57051
57051
57047
57049
57048
57046
57056
57060
57048
57061
57052
57050
57048
57053
57048
57050
57037
56939
56727
56320
55743
55188
54624
54159
53846
53605
53390
53198
53044
52954
52835
52772
52737
52718
52697
52700
52672
52662
52671
52655
52660
52644
52663
52663
52668
52663
52665
52666
52665
52670
52678
52659
52663
52657
52658
52659
52644
52645
52666
52659
52654
52659
52657
52659
52676
52663
52670
52658
52663
52660
52667
52727
52903
53243
53666
54115
54774
55461
56154
56730
57263
57792
58428
59034
59731
60512
61400
62207
63034
64188
64711
65123
65455
65534
65535
65534
65535
65535
65535
65534
65534
65534
65534
65534
65535
65534
65534
65534
65535
65534
65534
65532
65358
64779
63981
63169
62315
61461
60599
59816
59107
58381
57741
57137
56408
55655
54926
54109
53370
52552
51688
50875
50119
49347
48602
47848
47104
46430
45798
45180
44501
43902
43324
42690
42071
41432
40862
40269
39647
39014
38363
37726
37090
36498
35994
35599
35251
34975
34652
34219
33659
33030
32175
31319
30425
29618
28858
28068
27294
26611
25925
25255
24629
23999
23273
22479
21715
21008
20357
19650
18893
18107
17187
16450
15686
14933
14015
13133
12407
11480
10620
9767
8981
8261
7703
7120
6456
5785
5188
4489
3657
2461
1523
621
417
415
414
420
415
418
411
414
421
415
932
2269
3513
4797
6123
7567
9188
11026
13108
15348
17813
20322
22468
24372
25737
27054
28402
29660
30749
31746
33002
34311
35685
37244
39096
41009
42769
44493
46336
48125
49859
51388
52738
53774
54756
55673
56580
57491
58483
59575
60568
61630
62733
63819
64980
65529
65534
65535
65535
65534
65535
65535
65534
65534
65534
65535
65535
65535
65534
65534
65534
65534
65534
65534
65534
65534
65533
65379
64774
64035
63329
62650
61960
61226
60456
59697
58803
57863
56948
55798
54541
53239
51851
50792
50099
49413
48566
47606
46441
44914
43254
41829
40569
39335
38072
36725
35282
34109
33373
32709
32219
32281
32627
33361
34322
35395
36577
37895
39333
40835
42262
43770
45222
46670
48109
49467
50875
52443
53654
54708
55500
56089
56408
56439
56445
56444
56443
56436
56429
56297
55848
55061
54051
52863
51495
50125
48664
47082
45391
43442
41451
39513
37480
35376
33327
31425
29545
27667
25881
24248
22489
20621
18664
16561
14313
12090
9970
8042
6345
4803
3137
1586
563
413
409
409
409
410
414
415
415
413
411
410
410
408
414
414
417
412
461
456
408
408
415
413
416
413
413
403
411
406
417
409
410
422
426
414
414
406
413
408
413
414
428
420
415
409
411
427
411
410
451
405
404
406
403
405
452
403
406
405
406
409
409
405
406
411
407
406
401
420
407
404
407
423
406
419
404
404
404
408
399
414
406
448
401
429
410
424
405
401
403
447
404
412
404
402
401
441
402
413
401
405
408
410
406
420
417
435
407
404
401
406
401
409
429
407
408
409
403
404
407
405
406
406
416
420
425
410
404
406
429
400
406
446
448
406
404
447
415
400
462
413
402
410
405
402
403
416
406
420
403
409
442
405
405
408
405
409
407
404
413
407
403
403
410
403
410
456
404
410
448
408
405
415
419
413
412
439
404
419
418
418
451
409
402
441
416
405
407
406
411
405
410
407
422
415
403
403
406
404
410
398
448
413
409
404
406
433
408
413
455
404
402
404
420
406
414
411
409
427
414
409
404
413
420
402
404
404
409
403
405
405
404
399
404
401
438
406
406
406
403
410
403
405
407
408
422
417
416
404
406
410
408
407
410
405
402
406
415
421
406
404
428
418
409
435
404
406
449
421
404
413
403
400
406
407
425
401
424
407
406
401
401
420
405
408
404
409
406
401
449
401
416
404
405
403
400
402
429
402
438
417
462
449
406
402
409
401
420
405
429
406
401
405
422
453
400
419
404
406
407
412
404
405
405
405
405
404
405
406
405
405
416
406
403
420
400
405
405
404
406
405
405
443
403
408
404
411
407
404
406
450
408
407
413
406
404
407
408
413
406
409
411
406
426
408
412
400
405
432
406
405
406
405
443
417
426
420
406
407
408
410
412
418
409
407
410
406
405
403
451
419
412
407
420
401
408
413
414
407
419
407
413
404
404
404
405
456
407
406
414
403
402
404
413
411
405
407
402
454
410
403
414
404
404
410
403
417
402
421
406
412
404
407
412
405
410
410
419
406
414
405
408
406
449
406
406
403
453
411
414
401
407
405
406
403
407
412
405
399
415
410
419
405
420
405
405
409
406
410
407
447
412
447
406
408
408
407
409
413
404
426
404
416
404
419
404
438
408
404
409
417
406
444
444
408
402
409
424
421
407
412
405
414
412
410
410
405
405
405
403
400
418
422
405
408
406
405
430
405
406
420
407
409
404
402
403
408
410
408
405
404
405
404
407
407
405
420
404
415
409
406
410
410
423
405
443
407
406
407
405
401
436
403
406
417
421
408
404
450
407
419
403
406
403
418
407
408
403
407
406
438
407
410
410
433
405
402
421
409
441
408
408
404
406
409
401
411
402
414
408
405
418
415
407
407
406
402
415
403
406
427
408
410
407
404
406
416
407
408
408
409
409
407
411
410
412
411
401
406
411
410
415
438
409
399
430
405
405
411
451
404
407
404
403
404
408
404
409
403
418
404
405
400
400
449
411
411
411
403
409
408
402
404
407
405
403
404
401
449
407
407
420
405
402
411
403
408
402
403
412
405
440
419
401
411
406
404
417
404
402
401
422
406
403
412
407
404
407
404
402
422
404
402
409
404
410
403
404
411
401
401
415
402
402
407
401
409
404
405
400
403
403
398
409
409
404
408
427
400
401
409
414
413
408
402
403
403
401
410
400
398
408
403
414
411
412
405
418
417
407
398
407
414
404
419
404
402
424
408
407
410
403
412
405
420
410
409
407
403
404
405
404
406
402
406
407
409
409
440
406
403
404
410
406
407
403
405
406
406
403
406
407
405
407
404
409
404
411
410
409
403
406
432
405
402
411
405
405
415
405
448
403
405
406
409
418
407
398
411
403
448
417
407
415
412
409
406
406
405
438
404
413
404
419
404
409
406
409
411
417
399
403
403
406
407
401
402
399
441
406
413
435
403
416
415
443
447
410
405
410
403
405
409
410
408
417
401
402
411
403
407
406
444
410
416
437
406
429
400
410
409
406
415
410
424
424
408
405
404
407
408
424
413
405
406
411
406
404
411
414
402
405
405
407
402
413
401
414
402
406
403
404
405
419
412
402
403
402
405
404
404
411
405
414
418
406
401
413
403
400
410
441
430
409
401
405
404
403
413
400
404
405
425
408
420
403
403
406
404
405
424
403
409
405
401
405
404
418
409
405
403
402
400
440
403
437
407
407
404
423
405
408
401
408
407
405
405
409
408
413
403
406
401
425
404
446
403
403
402
437
403
401
407
407
419
402
404
406
403
405
398
403
402
422
439
402
399
415
442
399
407
406
408
416
408
406
402
456
404
402
429
421
405
404
411
397
402
404
413
444
404
401
408
408
399
401
403
430
408
406
444
407
420
407
403
410
419
413
402
407
405
401
400
403
405
398
407
401
402
405
402
402
421
402
402
436
409
402
405
415
408
402
404
402
403
399
407
401
406
403
402
441
402
398
405
408
403
408
406
406
404
403
406
405
402
404
401
402
439
401
401
405
403
402
406
403
440
399
398
409
404
401
400
414
408
408
405
447
399
406
442
403
418
403
451
425
409
426
400
420
417
406
402
403
416
403
406
414
405
406
404
403
441
400
407
401
403
455
410
406
456
406
402
410
409
402
403
473
424
409
405
402
404
404
417
403
403
426
402
403
401
401
407
404
402
408
412
401
409
406
403
403
404
401
408
413
409
405
402
437
441
403
406
413
403
400
406
407
404
409
438
402
405
404
399
411
407
403
405
403
407
399
404
400
411
404
403
415
405
402
436
406
406
418
408
408
407
408
402
402
405
426
406
407
403
424
402
443
445
406
403
408
404
420
405
403
410
408
404
403
438
409
403
401
404
404
402
402
406
401
403
401
405
408
425
402
406
407
419
406
416
405
403
403
402
408
415
404
411
403
400
419
406
410
402
402
441
401
405
404
403
453
431
411
404
401
407
402
407
408
411
400
406
416
407
421
423
405
403
402
408
409
403
407
403
416
410
405
414
413
410
407
408
412
442
401
436
403
411
403
414
409
402
418
426
406
405
412
456
410
404
406
402
419
407
406
397
407
405
426
407
425
403
404
410
403
403
407
408
405
413
403
405
430
404
398
400
413
401
425
407
404
432
401
424
410
402
402
406
405
408
417
414
411
406
401
397
402
403
408
409
407
404
405
402
422
415
412
422
400
404
406
406
408
451
415
401
401
403
401
415
414
402
402
403
406
406
403
403
404
409
401
398
425
405
404
420
402
404
412
411
403
445
406
436
398
426
415
412
405
406
420
404
409
402
405
402
406
404
403
403
401
399
406
411
400
402
400
400
397
406
398
403
404
405
404
400
401
404
400
398
409
415
401
399
409
404
400
445
397
401
403
398
405
435
403
402
403
411
398
404
405
405
401
401
407
400
414
410
403
404
408
405
408
401
407
403
405
406
423
403
402
407
402
430
403
441
441
405
423
408
402
408
408
405
401
417
410
405
409
402
404
410
405
407
403
404
401
404
400
407
403
404
404
412
407
409
404
407
412
420
404
406
399
404
409
416
435
401
418
401
409
408
407
404
409
404
404
407
409
405
403
411
403
407
406
401
402
405
405
404
405
404
401
404
405
403
459
402
410
408
404
410
404
403
401
402
407
406
404
404
414
441
404
406
410
404
405
401
412
406
404
403
411
405
440
422
442
411
405
401
407
401
427
403
439
402
401
409
406
406
405
407
418
401
413
403
407
402
438
402
408
441
397
404
403
408
403
398
403
405
405
401
431
401
405
402
444
404
401
401
407
400
415
399
402
407
407
412
407
404
401
405
414
404
399
406
432
445
433
404
440
402
410
404
409
406
406
401
408
401
404
403
411
407
401
400
405
409
428
406
405
402
416
401
421
406
406
406
401
402
399
412
404
401
404
403
424
402
400
404
409
403
403
403
402
410
404
415
408
416
404
408
406
402
403
401
402
400
406
416
404
404
402
404
402
444
403
403
417
404
400
406
401
402
407
419
400
401
403
406
401
412
403
406
408
421
408
404
407
436
406
418
402
403
417
403
406
400
416
404
411
402
403
400
408
405
408
410
430
402
437
424
403
429
404
428
437
401
399
399
404
418
403
408
416
404
421
439
404
419
412
404
403
406
401
400
408
416
403
403
404
433
437
396
401
404
401
402
404
396
406
413
402
410
401
400
412
412
402
404
396
404
399
403
400
401
400
401
405
401
397
398
407
403
403
401
429
406
430
404
402
407
410
442
403
400
403
404
404
402
410
420
404
403
403
408
407
416
400
440
400
400
403
396
410
400
414
398
406
403
411
405
401
405
407
409
399
410
407
399
403
401
401
402
402
401
434
407
409
401
401
418
406
402
404
398
429
401
400
402
454
417
403
399
411
412
403
402
404
403
402
404
405
402
407
401
403
402
402
402
429
400
399
407
401
403
399
403
410
402
434
452
419
408
439
406
407
403
416
431
400
402
415
420
403
408
405
413
420
415
404
406
399
404
403
406
401
436
405
404
434
422
402
407
402
402
416
407
405
401
402
445
440
437
401
411
405
411
403
400
410
419
399
411
465
415
403
403
402
402
404
406
417
409
401
402
402
407
432
401
399
405
397
417
412
403
422
405
435
404
410
406
403
403
401
402
404
441
403
402
403
402
400
415
418
406
399
407
402
403
407
398
410
402
403
401
407
407
403
404
407
398
406
407
400
413
406
407
403
403
409
404
399
400
398
442
400
464
401
403
406
403
401
405
405
404
403
403
403
408
423
401
402
402
400
408
439
404
421
403
423
403
406
402
404
403
403
404
402
398
414
401
413
424
405
401
419
398
400
404
407
401
435
457
402
414
403
402
398
404
409
411
401
400
399
425
405
412
405
442
406
413
434
399
404
400
404
406
401
407
401
399
402
406
417
405
406
399
410
408
406
404
430
399
417
402
400
421
407
405
399
437
401
402
401
430
402
411
403
399
399
405
405
401
405
422
402
411
405
407
403
401
404
446
407
400
405
407
440
402
404
408
405
401
403
399
402
400
402
433
434
410
417
407
403
405
402
407
402
404
404
406
401
405
404
402
416
408
399
404
403
408
401
402
403
403
437
401
406
414
414
405
398
431
399
407
398
403
398
405
404
406
406
402
416
404
407
400
406
405
400
420
408
400
411
401
399
403
402
404
398
413
430
408
413
404
428
440
403
400
402
400
401
439
403
405
407
412
427
410
403
406
400
401
407
407
403
411
417
403
409
405
402
403
405
402
405
427
411
405
402
416
402
403
427
405
402
401
398
401
402
406
406
398
415
401
405
403
428
408
402
402
402
442
405
401
406
401
401
404
409
402
402
402
415
398
399
404
405
411
402
406
400
404
402
432
402
400
413
404
404
409
402
400
402
424
409
404
407
414
412
441
403
400
403
403
414
404
404
404
412
398
407
404
416
405
405
423
417
400
414
405
407
404
403
403
401
406
410
406
411
405
439
405
404
404
398
448
400
400
437
403
405
411
429
413
406
400
411
422
404
400
412
409
410
400
401
431
400
400
405
407
403
400
400
400
398
403
405
401
403
406
403
417
407
401
400
403
402
406
397
416
409
406
407
405
403
405
399
436
403
408
404
399
407
404
403
410
403
405
400
410
421
406
409
436
401
406
406
401
425
400
408
404
406
403
408
403
402
403
441
413
400
407
406
400
404
404
401
400
400
405
401
404
404
394
409
407
402
401
414
403
405
407
399
407
404
400
436
403
402
399
417
400
403
402
399
403
424
410
401
401
393
436
421
403
406
406
404
418
399
406
417
402
405
403
402
401
421
439
403
416
400
405
408
401
404
403
408
402
396
405
399
417
402
399
401
437
405
403
400
402
437
401
403
404
410
411
403
401
437
402
402
405
406
405
408
438
403
404
410
407
406
398
401
400
403
397
467
411
401
436
419
404
431
417
423
407
399
403
401
400
420
401
401
420
406
400
400
417
407
401
402
410
399
405
433
401
401
402
400
403
400
410
412
412
407
402
401
446
403
408
399
397
435
405
407
408
407
400
403
408
402
406
426
403
401
406
404
428
399
399
410
398
400
401
426
402
407
398
403
406
403
402
413
402
397
404
401
414
429
403
401
417
408
403
406
409
403
412
407
404
417
407
403
400
416
441
431
404
423
422
405
404
404
409
407
409
407
407
426
409
400
400
402
407
452
405
406
400
407
408
428
408
405
432
405
401
404
415
401
408
405
406
407
447
402
407
405
404
406
402
418
410
406
415
404
405
403
402
400
402
407
412
403
403
400
403
409
406
435
409
400
414
406
400
404
402
404
420
406
409
404
408
409
408
408
404
402
404
404
404
403
414
411
404
418
404
410
406
418
414
409
403
401
400
403
398
404
450
408
411
408
440
402
405
402
405
410
401
410
403
403
413
405
410
414
406
402
425
407
402
406
404
402
403
404
408
407
402
423
408
403
408
403
413
403
423
404
402
405
404
404
403
406
408
402
404
403
435
406
401
405
407
400
405
403
404
400
399
403
404
403
404
406
439
408
409
400
408
410
404
405
406
409
445
425
408
405
432
410
448
631
1048
1388
1778
2035
2287
2475
2657
2831
2959
3096
3257
3364
3494
3609
3707
3802
3832
3912
4020
4179
4343
4492
4665
4903
5047
5326
5559
5865
6143
6428
6678
6959
7272
7506
7755
7998
8210
8570
8862
9227
9605
9991
10338
10690
11092
11555
11923
12354
12891
13380
13876
14389
14946
15540
16209
16840
17532
18339
19095
19888
20671
21616
22613
23690
24582
25336
26108
26807
27492
28250
29016
29867
30642
31378
31961
32267
32314
32308
32318
32309
32317
32326
32302
32301
32310
32300
32312
32298
32304
32299
32348
32533
32870
33291
33750
34301
34920
35518
36162
36765
37318
37925
38494
39087
39638
40226
40814
41329
41968
42636
43359
44083
44880
45703
46481
47283
48134
48981
49777
50605
51333
52161
53041
53830
54649
55370
56034
56709
57391
58049
58850
59648
60289
60925
61474
61976
62478
62994
63523
64043
64681
65234
65517
65534
65535
65535
65534
65534
65535
65534
65534
65534
65535
65535
65535
65534
65534
65534
65535
65534
65535
65534
65534
65534
65534
65534
65534
65534
65534
65535
65534
65533
65535
65534
65534
65535
65534
65534
65534
65535
65533
65534
65534
65535
65534
65534
65535
65534
65534
65534
65534
65535
65535
65534
65534
65534
65535
65535
65534
65535
65535
65534
65534
65535
65534
65535
65535
65535
65534
65534
65535
65534
65534
65534
65534
65534
65535
65534
65535
65534
65535
65534
65535
65534
65534
65534
65534
65534
65535
65534
65534
65534
65534
65534
65534
65534
65534
65535
65534
65534
65534
65534
65534
65534
65534
65534
65534
65534
65535
65534
65534
65534
65534
65534
65535
65535
65534
65534
65535
65534
65534
65534
65534
65534
65534
65534
65535
65535
65534
65535
65534
65535
65534
65534
65535
65534
65534
65534
65534
65534
65534
65535
65534
65534
65535
65534
65535
65535
65535
65534
65534
65534
65535
65535
65534
65534
65534
65535
65534
65535
65535
65534
65534
65534
65534
65534
65534
65535
65534
65534
65534
65534
65534
65534
65534
65534
65534
65534
65535
65535
65535
65535
65534
65534
65534
65534
65534
65534
65535
65534
65535
65534
65535
65535
65534
65534
65534
65535
65534
65535
65534
65535
65535
65534
65535
65534
65535
65535
65534
65534
65534
65534
65534
65534
65534
65534
65534
65534
65534
65534
65534
65534
65535
65535
65534
65535
65534
65534
65535
65534
65534
65534
65534
65533
65534
65534
65534
65534
65535
65534
65534
65534
65534
65534
65534
65534
65535
65535
65535
65535
65534
65534
65534
65534
65535
65534
65534
65534
65534
65534
65535
65534
65534
65534
65534
65534
65534
65534
65535
65535
65535
65534
65534
65534
65535
65534
65534
65534
65534
65534
65535
65534
65534
65533
65534
65535
65534
65534
65534
65534
65534
65534
65534
65535
65534
65533
65534
65534
65534
65534
65534
65535
65534
65534
65535
65534
65535
65534
65535
65535
65535
65535
65535
65534
65534
65535
65535
65535
65534
65534
65534
65534
65534
65534
65534
65535
65534
65534
65534
65534
65534
65534
65534
65534
65534
65535
65534
65535
65535
65534
65535
65534
65534
65534
65534
65534
65534
65534
65534
65535
65535
65534
65534
65534
65534
65534
65534
65534
65534
65534
65535
65534
65534
65534
65534
65535
65534
65535
65535
65534
65535
65534
65534
65535
65535
65534
65534
65535
65534
65534
65535
65534
65534
65535
65534
65534
65534
65534
65535
65534
65534
65534
65535
65534
65535
65535
65533
65534
65534
65535
65534
65534
65534
65534
65534
65534
65534
65535
65534
65534
65534
65534
65534
65534
65534
65534
65534
65534
65534
65534
65534
65534
65534
65534
65534
65534
65535
65534
65534
65534
65534
65534
65534
65534
65535
65535
65534
65535
65534
65534
65535
65534
65534
65534
65534
65535
65535
65534
65535
65359
63199
60267
57304
54341
51282
48107
44769
41317
38055
34879
31989
29330
26901
24899
23109
21389
19794
18064
16036
13797
11509
9442
7647
5881
4878
4785
4784
4784
4788
4789
4817
4823
4232
2548
555
419
411
406
446
421
411
404
403
449
424
412
405
404
405
404
401
456
426
402
405
403
400
446
398
409
403
399
405
401
406
415
408
429
410
399
417
435
453
404
409
487
417
403
403
411
410
419
409
407
417
401
402
404
402
404
403
430
436
415
